[  3%] Generating RTEKernels' C bindings header
[  7%] Generating RRTMGPKernels' C bindings header
Parsing /home/admin/rrtmgp-probe/rte-rrtmgp/rte-kernels/mo_rte_kind.F90 to /home/admin/rrtmgp-probe/rte-rrtmgp/build/headers/rte_kernels.h:
Finished parsing: 0/0

Parsing /home/admin/rrtmgp-probe/rte-rrtmgp/rte-kernels/mo_fluxes_broadband_kernels.F90 to /home/admin/rrtmgp-probe/rte-rrtmgp/build/headers/rte_kernels.h:
Processing: sum_broadband ... PASSED
Processing: net_broadband_full ... PASSED
Processing: net_broadband_precalc ... PASSED
Finished parsing: 3/3

Parsing /home/admin/rrtmgp-probe/rte-rrtmgp/rte-kernels/mo_rte_util_array.F90 to /home/admin/rrtmgp-probe/rte-rrtmgp/build/headers/rte_kernels.h:
Processing: zero_array_1D ... PASSED
Processing: zero_array_2D ... PASSED
Processing: zero_array_3D ... PASSED
Processing: zero_array_4D ... PASSED
Finished parsing: 4/4

Parsing /home/admin/rrtmgp-probe/rte-rrtmgp/rte-kernels/mo_optical_props_kernels.F90 to /home/admin/rrtmgp-probe/rte-rrtmgp/build/headers/rte_kernels.h:
Processing: delta_scale_2str_f_k ... PASSED
Processing: delta_scale_2str_k ... PASSED
Processing: increment_1scalar_by_1scalar ... PASSED
Processing: increment_1scalar_by_2stream ... PASSED
Processing: increment_1scalar_by_nstream ... PASSED
Processing: increment_2stream_by_1scalar ... PASSED
Processing: increment_2stream_by_2stream ... PASSED
Processing: increment_2stream_by_nstream ... PASSED
Processing: increment_nstream_by_1scalar ... PASSED
Processing: increment_nstream_by_2stream ... PASSED
Processing: increment_nstream_by_nstream ... PASSED
Processing: inc_1scalar_by_1scalar_bybnd ... PASSED
Processing: inc_1scalar_by_2stream_bybnd ... PASSED
Processing: inc_1scalar_by_nstream_bybnd ... PASSED
Processing: inc_2stream_by_1scalar_bybnd ... PASSED
Processing: inc_2stream_by_2stream_bybnd ... PASSED
Processing: inc_2stream_by_nstream_bybnd ... PASSED
Processing: inc_nstream_by_1scalar_bybnd ... PASSED
Processing: inc_nstream_by_2stream_bybnd ... PASSED
Processing: inc_nstream_by_nstream_bybnd ... PASSED
Processing: extract_subset_dim1_3d ... PASSED
Processing: extract_subset_dim2_4d ... PASSED
Processing: extract_subset_absorption_tau ... PASSED
Finished parsing: 23/23

Parsing /home/admin/rrtmgp-probe/rte-rrtmgp/rte-kernels/mo_rte_solver_kernels.F90 to /home/admin/rrtmgp-probe/rte-rrtmgp/build/headers/rte_kernels.h:
Processing: lw_solver_noscat ... PASSED
Processing: lw_solver_2stream ... PASSED
Processing: sw_solver_noscat ... PASSED
Processing: sw_solver_2stream ... PASSED
Processing: lw_source_2str ... PASSED
Processing: sw_dif_and_source ... PASSED
Finished parsing: 6/6

Parsing /home/admin/rrtmgp-probe/rte-rrtmgp/rrtmgp-kernels/mo_cloud_optics_rrtmgp_kernels.F90 to /home/admin/rrtmgp-probe/rte-rrtmgp/build/headers/rrtmgp_kernels.h:
Processing: compute_cld_from_table ... PASSED
Finished parsing: 1/1

Parsing /home/admin/rrtmgp-probe/rte-rrtmgp/rrtmgp-kernels/mo_gas_optics_rrtmgp_kernels.F90 to /home/admin/rrtmgp-probe/rte-rrtmgp/build/headers/rrtmgp_kernels.h:
Processing: interpolation ... PASSED
Processing: compute_tau_absorption ... PASSED
Processing: compute_tau_rayleigh ... PASSED
Processing: compute_Planck_source ... PASSED
Finished parsing: 4/4

[ 11%] Ensure rtekernels_header is built before rtekernels can use its output
[ 14%] Ensure rrtmgpkernels_header is built before rrtmgpkernels can use its output
[ 14%] Built target rtekernels_header
[ 14%] Built target rrtmgpkernels_header
[ 18%] Building Fortran object rte-kernels/CMakeFiles/rtekernels.dir/mo_rte_kind.F90.o
[ 22%] Building Fortran object rte-kernels/CMakeFiles/rtekernels.dir/mo_fluxes_broadband_kernels.F90.o
[ 25%] Building Fortran object rte-kernels/CMakeFiles/rtekernels.dir/mo_rte_util_array.F90.o
[ 29%] Building Fortran object rte-kernels/CMakeFiles/rtekernels.dir/mo_optical_props_kernels.F90.o
[ 33%] Building Fortran object rte-kernels/CMakeFiles/rtekernels.dir/mo_rte_solver_kernels.F90.o
[ 33%] Built target rtekernels
[ 37%] Building Fortran object rte-frontend/CMakeFiles/rte.dir/mo_rte_config.F90.o
[ 40%] Building Fortran object rte-frontend/CMakeFiles/rte.dir/mo_rte_util_array_validation.F90.o
[ 44%] Building Fortran object rte-frontend/CMakeFiles/rte.dir/mo_optical_props.F90.o
[ 48%] Building Fortran object rte-frontend/CMakeFiles/rte.dir/mo_source_functions.F90.o
[ 51%] Building Fortran object rte-frontend/CMakeFiles/rte.dir/mo_fluxes.F90.o
[ 55%] Building Fortran object rte-frontend/CMakeFiles/rte.dir/mo_rte_sw.F90.o
[ 59%] Building Fortran object rte-frontend/CMakeFiles/rte.dir/mo_rte_lw.F90.o
NVFORTRAN-W-0130-Floating point underflow. Check constants and constant expressions (/home/admin/rrtmgp-probe/rte-rrtmgp/rte-frontend/mo_rte_lw.F90: 130)
  0 inform,   1 warnings,   0 severes, 0 fatal for rte_lw
NVFORTRAN-W-0130-Floating point underflow. Check constants and constant expressions (/home/admin/rrtmgp-probe/rte-rrtmgp/rte-frontend/mo_rte_lw.F90: 130)
  0 inform,   1 warnings,   0 severes, 0 fatal for rte_lw
[ 62%] Linking Fortran static library librte.a
[ 62%] Built target rte
[ 66%] Building Fortran object rrtmgp-kernels/CMakeFiles/rrtmgpkernels.dir/mo_cloud_optics_rrtmgp_kernels.F90.o
[ 70%] Building Fortran object rrtmgp-kernels/CMakeFiles/rrtmgpkernels.dir/mo_gas_optics_rrtmgp_kernels.F90.o
[ 70%] Built target rrtmgpkernels
[ 74%] Building Fortran object rrtmgp-frontend/CMakeFiles/rrtmgp.dir/__/gas-optics/mo_gas_concentrations.F90.o
[ 77%] Building Fortran object rrtmgp-frontend/CMakeFiles/rrtmgp.dir/__/gas-optics/mo_gas_optics_util_string.F90.o
[ 81%] Building Fortran object rrtmgp-frontend/CMakeFiles/rrtmgp.dir/mo_aerosol_optics_rrtmgp_merra.F90.o
[ 85%] Building Fortran object rrtmgp-frontend/CMakeFiles/rrtmgp.dir/__/gas-optics/mo_gas_optics_constants.F90.o
[ 88%] Building Fortran object rrtmgp-frontend/CMakeFiles/rrtmgp.dir/mo_cloud_optics_rrtmgp.F90.o
[ 92%] Building Fortran object rrtmgp-frontend/CMakeFiles/rrtmgp.dir/__/gas-optics/mo_gas_optics.F90.o
[ 96%] Building Fortran object rrtmgp-frontend/CMakeFiles/rrtmgp.dir/mo_gas_optics_rrtmgp.F90.o
[100%] Linking Fortran static library librrtmgp.a
[100%] Built target rrtmgp
